<?xml version="1.0" encoding="UTF-8"?>
<!-- Generated by org.testng.reporters.JUnitXMLReporter -->
<testsuite ignored="0" hostname="DESKTOP-FDHBAS8" failures="0" tests="1" name="Test-Runner-1" time="39.803" errors="0" timestamp="2023-07-31T15:04:28 IST">
  <testcase classname="vtiger.ContactsTests.CreateContactTest" name="createContactTest" time="22.155"/>
</testsuite> <!-- Test-Runner-1 -->
