<?xml version="1.0" encoding="UTF-8"?>
<!-- Generated by org.testng.reporters.JUnitXMLReporter -->
<testsuite ignored="0" hostname="DESKTOP-FDHBAS8" failures="0" tests="2" name="Test-Runner-Firefox" time="57.78" errors="0" timestamp="2023-07-31T16:03:16 IST">
  <testcase classname="vtiger.OrganizationTests.CreateOrganizationWithIndustryTypeTest" name="createOrgWithIndustryTypeTest" time="22.738"/>
  <testcase classname="vtiger.OrganizationTests.CreateOrganizationWithIndustryTypeTest" name="sampleTest" time="0.001"/>
</testsuite> <!-- Test-Runner-Firefox -->
