<?xml version="1.0" encoding="UTF-8"?>
<!-- Generated by org.testng.reporters.JUnitXMLReporter -->
<testsuite ignored="0" hostname="DESKTOP-FDHBAS8" failures="0" tests="2" name="Test-Runner-2" time="57.513" errors="0" timestamp="2023-07-31T15:04:46 IST">
  <testcase classname="vtiger.ContactsTests.CreateContactWithOrganizationTest" name="createContactWithOrgTest" time="33.719"/>
  <testcase classname="vtiger.ContactsTests.CreateContactWithOrganizationTest" name="demoTest" time="0.007"/>
</testsuite> <!-- Test-Runner-2 -->
