<?xml version="1.0" encoding="UTF-8"?>
<!-- Generated by org.testng.reporters.JUnitReportReporter -->
<testsuite hostname="DESKTOP-FDHBAS8" failures="0" tests="1" name="vtiger.OrganizationTests.CreateOrganizationWithIndustryTest" time="23.655" errors="0" timestamp="2023-07-22T18:36:32 IST" skipped="0">
  <testcase classname="vtiger.OrganizationTests.CreateOrganizationWithIndustryTest" name="createOrgwithIndustryTest" time="23.655"/>
  <system-out/>
</testsuite> <!-- vtiger.OrganizationTests.CreateOrganizationWithIndustryTest -->
