<?xml version="1.0" encoding="UTF-8"?>
<!-- Generated by org.testng.reporters.JUnitReportReporter -->
<testsuite hostname="DESKTOP-FDHBAS8" failures="0" tests="1" name="vtiger.ContactsTests.CreateContactTest" time="56.690" errors="0" timestamp="2023-08-07T00:12:28 IST" skipped="0">
  <testcase classname="vtiger.ContactsTests.CreateContactTest" name="createContactTest" time="56.690"/>
  <system-out/>
</testsuite> <!-- vtiger.ContactsTests.CreateContactTest -->
