<?xml version="1.0" encoding="UTF-8"?>
<!-- Generated by org.testng.reporters.JUnitReportReporter -->
<testsuite hostname="DESKTOP-FDHBAS8" failures="0" tests="1" name="vtiger.ContactsTests.CreateContactWithOrganizationTest" time="41.674" errors="0" timestamp="2023-08-08T20:46:54 IST" skipped="0">
  <testcase classname="vtiger.ContactsTests.CreateContactWithOrganizationTest" name="createContactWithOrgTest" time="41.674"/>
  <system-out>
    <![CDATA[Organization link is clicked
Create Organization look up image is clicked
Organization is created
Contact link is clicked
Create contact look up image is clicked
Contact is created]]>
  </system-out>
</testsuite> <!-- vtiger.ContactsTests.CreateContactWithOrganizationTest -->
