<?xml version="1.0" encoding="UTF-8"?>
<!-- Generated by org.testng.reporters.JUnitReportReporter -->
<testsuite hostname="DESKTOP-FDHBAS8" failures="0" tests="1" name="vtiger.OrganizationTests.CreateOrganizationTest" time="24.305" errors="0" timestamp="2023-08-01T12:50:49 IST" skipped="0">
  <testcase classname="vtiger.OrganizationTests.CreateOrganizationTest" name="createOrganizationTest" time="24.305"/>
  <system-out/>
</testsuite> <!-- vtiger.OrganizationTests.CreateOrganizationTest -->
