<?xml version="1.0" encoding="UTF-8"?>
<!-- Generated by org.testng.reporters.JUnitReportReporter -->
<testsuite hostname="DESKTOP-FDHBAS8" failures="0" tests="1" name="vtiger.OpportunitiesTests.CreateOpportunityWithContactTest" time="37.074" errors="0" timestamp="2023-07-22T18:36:32 IST" skipped="0">
  <testcase classname="vtiger.OpportunitiesTests.CreateOpportunityWithContactTest" name="createOpportunityWithContactTest" time="37.074"/>
  <system-out/>
</testsuite> <!-- vtiger.OpportunitiesTests.CreateOpportunityWithContactTest -->
