<?xml version="1.0" encoding="UTF-8"?>
<!-- Generated by org.testng.reporters.JUnitReportReporter -->
<testsuite hostname="DESKTOP-FDHBAS8" failures="0" tests="3" name="vtiger.Practice.DataProviderPracticeTest" time="0.015" errors="0" timestamp="2023-07-20T15:36:45 IST" skipped="0">
  <testcase classname="vtiger.Practice.DataProviderPracticeTest" name="addTocart" time="0.002"/>
  <system-out/>
  <testcase classname="vtiger.Practice.DataProviderPracticeTest" name="addTocart" time="0.007"/>
  <system-out/>
  <testcase classname="vtiger.Practice.DataProviderPracticeTest" name="addTocart" time="0.006"/>
  <system-out/>
</testsuite> <!-- vtiger.Practice.DataProviderPracticeTest -->
