<?xml version="1.0" encoding="UTF-8"?>
<!-- Generated by org.testng.reporters.JUnitReportReporter -->
<testsuite hostname="DESKTOP-FDHBAS8" failures="0" tests="1" name="vtiger.ContactsTests.CreateContactTest" time="15.559" errors="0" timestamp="2023-08-01T15:27:51 IST" skipped="0">
  <testcase classname="vtiger.ContactsTests.CreateContactTest" name="createContactTest" time="15.559"/>
  <system-out/>
</testsuite> <!-- vtiger.ContactsTests.CreateContactTest -->
