<?xml version="1.0" encoding="UTF-8"?>
<!-- Generated by org.testng.reporters.JUnitReportReporter -->
<testsuite hostname="DESKTOP-FDHBAS8" failures="0" tests="1" name="vtiger.ProductsTests.CreateProductWithVendorTest" time="35.242" errors="0" timestamp="2023-07-22T18:36:32 IST" skipped="0">
  <testcase classname="vtiger.ProductsTests.CreateProductWithVendorTest" name="cteateProductWithvendortest" time="35.242"/>
  <system-out/>
</testsuite> <!-- vtiger.ProductsTests.CreateProductWithVendorTest -->
