<?xml version="1.0" encoding="UTF-8"?>
<!-- Generated by org.testng.reporters.JUnitReportReporter -->
<testsuite hostname="DESKTOP-FDHBAS8" failures="0" tests="1" name="vtiger.OrganizationTests.CreateOrganizationWithIndustryTypeTest" time="24.526" errors="0" timestamp="2023-08-02T20:17:53 IST" skipped="0">
  <testcase classname="vtiger.OrganizationTests.CreateOrganizationWithIndustryTypeTest" name="createOrgWithIndustryTypeTest" time="24.526"/>
  <system-out/>
</testsuite> <!-- vtiger.OrganizationTests.CreateOrganizationWithIndustryTypeTest -->
